# JRE version: OpenJDK Runtime Environment Corretto-21.0.6.7.1 (21.0.6+7) (build 21.0.6+7-LTS)
# Java VM: OpenJDK 64-Bit Server VM Corretto-21.0.6.7.1 (21.0.6+7-LTS, mixed mode, sharing, tiered, compressed oops, compressed class ptrs, g1 gc, windows-amd64)
GC Precious Log:
 CardTable entry size: 512
 Card Set container configuration: InlinePtr #cards 5 size 8 Array Of Cards #cards 12 size 40 Howl #buckets 4 coarsen threshold 1843 Howl Bitmap #cards 512 size 80 coarsen threshold 460 Card regions per heap region 1 cards per card region 2048
 CPUs: 2 total, 2 available
 Memory: 3927M
 Large Page Support: Disabled
 NUMA Support: Disabled
 Compressed Oops: Enabled (32-bit)
 Heap Region Size: 1M
 Heap Min Capacity: 8M
 Heap Initial Capacity: 62M
 Heap Max Capacity: 982M
 Pre-touch: Disabled
 Parallel Workers: 2
 Concurrent Workers: 1
 Concurrent Refinement Workers: 2
 Periodic GC: Disabled
Heap:
 garbage-first heap   total 71680K, used 59366K [0x00000000c2a00000, 0x0000000100000000)
  region size 1024K, 21 young (21504K), 2 survivors (2048K)
 Metaspace       used 32057K, committed 32512K, reserved 1114112K
  class space    used 3574K, committed 3776K, reserved 1048576K
GC Heap History (20 events):
Event: 38.252 GC heap before
{Heap before GC invocations=3 (full 0):
 garbage-first heap   total 63488K, used 38841K [0x00000000c2a00000, 0x0000000100000000)
  region size 1024K, 37 young (37888K), 2 survivors (2048K)
 Metaspace       used 10371K, committed 10560K, reserved 1114112K
  class space    used 1213K, committed 1280K, reserved 1048576K
}
Event: 38.272 GC heap after
{Heap after GC invocations=4 (full 0):
 garbage-first heap   total 63488K, used 5590K [0x00000000c2a00000, 0x0000000100000000)
  region size 1024K, 4 young (4096K), 4 survivors (4096K)
 Metaspace       used 10371K, committed 10560K, reserved 1114112K
  class space    used 1213K, committed 1280K, reserved 1048576K
}
Event: 47.713 GC heap before
{Heap before GC invocations=4 (full 0):
 garbage-first heap   total 63488K, used 39382K [0x00000000c2a00000, 0x0000000100000000)
  region size 1024K, 37 young (37888K), 4 survivors (4096K)
 Metaspace       used 15796K, committed 16064K, reserved 1114112K
  class space    used 1828K, committed 1984K, reserved 1048576K
}
Event: 47.740 GC heap after
{Heap after GC invocations=5 (full 0):
 garbage-first heap   total 63488K, used 9109K [0x00000000c2a00000, 0x0000000100000000)
  region size 1024K, 5 young (5120K), 5 survivors (5120K)
 Metaspace       used 15796K, committed 16064K, reserved 1114112K
  class space    used 1828K, committed 1984K, reserved 1048576K
}
Event: 59.372 GC heap before
{Heap before GC invocations=5 (full 0):
 garbage-first heap   total 63488K, used 41877K [0x00000000c2a00000, 0x0000000100000000)
  region size 1024K, 37 young (37888K), 5 survivors (5120K)
 Metaspace       used 16580K, committed 16896K, reserved 1114112K
  class space    used 1891K, committed 2048K, reserved 1048576K
}
Event: 59.404 GC heap after
{Heap after GC invocations=6 (full 0):
 garbage-first heap   total 63488K, used 13150K [0x00000000c2a00000, 0x0000000100000000)
  region size 1024K, 4 young (4096K), 4 survivors (4096K)
 Metaspace       used 16580K, committed 16896K, reserved 1114112K
  class space    used 1891K, committed 2048K, reserved 1048576K
}
Event: 70.560 GC heap before
{Heap before GC invocations=6 (full 0):
 garbage-first heap   total 63488K, used 46942K [0x00000000c2a00000, 0x0000000100000000)
  region size 1024K, 37 young (37888K), 4 survivors (4096K)
 Metaspace       used 17143K, committed 17408K, reserved 1114112K
  class space    used 1910K, committed 2048K, reserved 1048576K
}
Event: 70.574 GC heap after
{Heap after GC invocations=7 (full 0):
 garbage-first heap   total 63488K, used 14336K [0x00000000c2a00000, 0x0000000100000000)
  region size 1024K, 2 young (2048K), 2 survivors (2048K)
 Metaspace       used 17143K, committed 17408K, reserved 1114112K
  class space    used 1910K, committed 2048K, reserved 1048576K
}
Event: 92.138 GC heap before
{Heap before GC invocations=7 (full 0):
 garbage-first heap   total 63488K, used 53248K [0x00000000c2a00000, 0x0000000100000000)
  region size 1024K, 37 young (37888K), 2 survivors (2048K)
 Metaspace       used 21140K, committed 21504K, reserved 1114112K
  class space    used 2349K, committed 2496K, reserved 1048576K
}
Event: 92.156 GC heap after
{Heap after GC invocations=8 (full 0):
 garbage-first heap   total 63488K, used 19272K [0x00000000c2a00000, 0x0000000100000000)
  region size 1024K, 5 young (5120K), 5 survivors (5120K)
 Metaspace       used 21140K, committed 21504K, reserved 1114112K
  class space    used 2349K, committed 2496K, reserved 1048576K
}
Event: 92.268 GC heap before
{Heap before GC invocations=8 (full 0):
 garbage-first heap   total 63488K, used 22344K [0x00000000c2a00000, 0x0000000100000000)
  region size 1024K, 9 young (9216K), 5 survivors (5120K)
 Metaspace       used 21192K, committed 21504K, reserved 1114112K
  class space    used 2356K, committed 2496K, reserved 1048576K
}
Event: 92.281 GC heap after
{Heap after GC invocations=9 (full 0):
 garbage-first heap   total 63488K, used 18859K [0x00000000c2a00000, 0x0000000100000000)
  region size 1024K, 1 young (1024K), 1 survivors (1024K)
 Metaspace       used 21192K, committed 21504K, reserved 1114112K
  class space    used 2356K, committed 2496K, reserved 1048576K
}
Event: 96.231 GC heap before
{Heap before GC invocations=10 (full 0):
 garbage-first heap   total 63488K, used 57771K [0x00000000c2a00000, 0x0000000100000000)
  region size 1024K, 36 young (36864K), 1 survivors (1024K)
 Metaspace       used 27174K, committed 27456K, reserved 1114112K
  class space    used 3034K, committed 3136K, reserved 1048576K
}
Event: 96.271 GC heap after
{Heap after GC invocations=11 (full 0):
 garbage-first heap   total 71680K, used 34816K [0x00000000c2a00000, 0x0000000100000000)
  region size 1024K, 5 young (5120K), 5 survivors (5120K)
 Metaspace       used 27174K, committed 27456K, reserved 1114112K
  class space    used 3034K, committed 3136K, reserved 1048576K
}
Event: 105.180 GC heap before
{Heap before GC invocations=11 (full 0):
 garbage-first heap   total 71680K, used 59392K [0x00000000c2a00000, 0x0000000100000000)
  region size 1024K, 29 young (29696K), 5 survivors (5120K)
 Metaspace       used 28207K, committed 28608K, reserved 1114112K
  class space    used 3126K, committed 3328K, reserved 1048576K
}
Event: 105.214 GC heap after
{Heap after GC invocations=12 (full 0):
 garbage-first heap   total 71680K, used 38896K [0x00000000c2a00000, 0x0000000100000000)
  region size 1024K, 4 young (4096K), 4 survivors (4096K)
 Metaspace       used 28207K, committed 28608K, reserved 1114112K
  class space    used 3126K, committed 3328K, reserved 1048576K
}
Event: 111.851 GC heap before
{Heap before GC invocations=12 (full 0):
 garbage-first heap   total 71680K, used 59376K [0x00000000c2a00000, 0x0000000100000000)
  region size 1024K, 25 young (25600K), 4 survivors (4096K)
 Metaspace       used 29283K, committed 29696K, reserved 1114112K
  class space    used 3251K, committed 3456K, reserved 1048576K
}
Event: 111.865 GC heap after
{Heap after GC invocations=13 (full 0):
 garbage-first heap   total 71680K, used 40164K [0x00000000c2a00000, 0x0000000100000000)
  region size 1024K, 1 young (1024K), 1 survivors (1024K)
 Metaspace       used 29283K, committed 29696K, reserved 1114112K
  class space    used 3251K, committed 3456K, reserved 1048576K
}
Event: 120.570 GC heap before
{Heap before GC invocations=14 (full 0):
 garbage-first heap   total 71680K, used 60644K [0x00000000c2a00000, 0x0000000100000000)
  region size 1024K, 22 young (22528K), 1 survivors (1024K)
 Metaspace       used 30311K, committed 30784K, reserved 1114112K
  class space    used 3368K, committed 3584K, reserved 1048576K
}
Event: 120.580 GC heap after
{Heap after GC invocations=15 (full 0):
 garbage-first heap   total 71680K, used 40934K [0x00000000c2a00000, 0x0000000100000000)
  region size 1024K, 2 young (2048K), 2 survivors (2048K)
 Metaspace       used 30311K, committed 30784K, reserved 1114112K
  class space    used 3368K, committed 3584K, reserved 1048576K
}

